     1                                  ;alive.asm
     2                                  section .data
     3 00000000 48656C6C6F2C202077-     	msg1	db	"Hello,  world!",10,0 	   ; string w/ NL and null terminator
     3 00000009 6F726C64210A00     
     4                                  	msg1Len	equ	$-msg1-1	           ; measure len minus null terminator
     5 00000010 416C69766520616E64-     	msg2	db	"Alive and kicking",10,0   ; string w/ NL and null term
     5 00000019 206B69636B696E670A-
     5 00000022 00                 
     6                                  	msg2Len	equ	$-msg2-1		   ; measure len minus null terminator
     7 00000023 6501000000000000        	radius	dq	357			   ; no string,  not displayable?
     8 0000002B 1F85EB51B81E0940        	pi	dq	3.14			   ; no string,  not displayable?
     9                                  section .bss
    10                                  section .text
    11                                  	global main
    12                                  main:
    13 00000000 55                      	push	rbp		; function prolog
    14 00000001 4889E5                  	mov	rbp, rsp	; function prolog
    15 00000004 B801000000              	mov	rax, 1		; 1 = write
    16 00000009 BF01000000              	mov	rdi, 1		; 1 = stdout
    17 0000000E 48BE-                   	mov	rsi, msg1
    17 00000010 [0000000000000000] 
    18 00000018 BA0F000000              	mov	rdx, msg1Len
    19 0000001D 0F05                    	syscall
    20 0000001F B801000000              	mov	rax, 1		; setup syscall write stdout
    21 00000024 BF01000000              	mov	rdi, 1
    22 00000029 48BE-                   	mov	rsi, msg2	; msg to write and len
    22 0000002B [1000000000000000] 
    23 00000033 BA12000000              	mov	rdx, msg2Len
    24 00000038 0F05                    	syscall
    25 0000003A 4889EC                  	mov	rsp, rbp	; function epilog
    26 0000003D 5D                      	pop	rbp 		; function epilog
    27 0000003E B83C000000              	mov	rax, 60		; exit
    28 00000043 BF00000000              	mov	rdi, 0		; success rval
    29 00000048 0F05                    	syscall
    30                                  	
